#
# A fatal error has been detected by the Java Runtime Environment:
#
#  EXCEPTION_ACCESS_VIOLATION (0xc0000005) at pc=0x6eb62212, pid=8028, tid=6016
#
# JRE version: 6.0_30-b12
# Java VM: Java HotSpot(TM) Client VM (20.5-b03 mixed mode windows-x86 )
# Problematic frame:
# C  [c2d-svg.dll+0x22212]
#
# If you would like to submit a bug report, please visit:
#   http://java.sun.com/webapps/bugreport/crash.jsp
# The crash happened outside the Java Virtual Machine in native code.
# See problematic frame for where to report the bug.
#

---------------  T H R E A D  ---------------

Current thread (0x1c602c00):  JavaThread "AsynchExecutor-Thread" daemon [_thread_in_native, id=6016, stack(0x1dba0000,0x1dbf0000)]

siginfo: ExceptionCode=0xc0000005, reading address 0x00000017

Registers:
EAX=0x00000000, EBX=0x21bf0d68, ECX=0x6ebe9912, EDX=0x00000000
ESP=0x1dbef430, EBP=0x1dbef4d8, ESI=0x1c5ff3f9, EDI=0x1dbef474
EIP=0x6eb62212, EFLAGS=0x00010246

Top of Stack: (sp=0x1dbef430)
0x1dbef430:   1dbef474 6ebe9912 00000000 0000001a
0x1dbef440:   6eb62140 1dbef484 7c3416b3 02740000
0x1dbef450:   00000000 7c3416b8 00000019 00000019
0x1dbef460:   1c602c00 1dbef50c 1dbef498 6d8c2af6
0x1dbef470:   00000000 286c7275 64617223 476c6169
0x1dbef480:   69646172 33746e65 29333238 6dac9c00
0x1dbef490:   6dacc6e8 1c5ff3f9 6ebff796 6eb5caae
0x1dbef4a0:   1c5ff3f8 1dbefa20 1dbef4d8 6d953351 

Instructions: (pc=0x6eb62212)
0x6eb621f2:   6e c7 44 24 0c 1a 00 00 00 c7 44 24 08 94 00 00
0x6eb62202:   00 c7 44 24 04 c0 8a be 6e e8 88 8d 01 00 89 c2
0x6eb62212:   0f b6 40 17 0f b6 4a 18 88 44 24 20 31 c0 8a 42
0x6eb62222:   16 8a 64 24 20 c1 e1 10 0f b6 52 19 83 c4 64 5e 


Register to memory mapping:

EAX=0x00000000 is an unknown value
EBX=0x21bf0d68 is an unknown value
ECX=0x6ebe9912 is an unknown value
EDX=0x00000000 is an unknown value
ESP=0x1dbef430 is pointing into the stack for thread: 0x1c602c00
EBP=0x1dbef4d8 is pointing into the stack for thread: 0x1c602c00
ESI=0x1c5ff3f9 is an unknown value
EDI=0x1dbef474 is pointing into the stack for thread: 0x1c602c00


Stack: [0x1dba0000,0x1dbf0000],  sp=0x1dbef430,  free space=317k
Native frames: (J=compiled Java code, j=interpreted, Vv=VM code, C=native code)
C  [c2d-svg.dll+0x22212]
C  [c2d-svg.dll+0x2320a]  Java_info_u250_svg_glutils_SVGData_attribute+0xca
j  info.u250.svg.glutils.SVGData.attribute(JLjava/lang/String;Ljava/lang/String;D)V+0
j  info.u250.svg.glutils.SVGData$1.next(Linfo/u250/svg/elements/SVGElement;)V+73
j  info.u250.svg.SVGMetaData.parse(Linfo/u250/svg/elements/SVGElement;)V+171
j  info.u250.svg.SVGMetaData.parse(Linfo/u250/svg/elements/SVGElement;)V+107
j  info.u250.svg.SVGMetaData.parse(Linfo/u250/svg/elements/SVGElement;)V+107
j  info.u250.svg.SVGMetaData.<init>(Linfo/u250/svg/elements/SVGRootElement;I)V+25
j  info.u250.svg.SVGMetaData.<init>(Linfo/u250/svg/elements/SVGRootElement;)V+4
j  info.u250.svg.glutils.SVGData$1.<init>(Linfo/u250/svg/glutils/SVGData;Linfo/u250/svg/elements/SVGRootElement;Linfo/u250/svg/elements/SVGRootElement;)V+12
j  info.u250.svg.glutils.SVGData.<init>(Linfo/u250/svg/elements/SVGRootElement;)V+53
j  info.u250.digs.scenes.game.LevelPixmapMaker.gen(Linfo/u250/digs/scenes/game/LevelConfig;)[Lcom/badlogic/gdx/graphics/Pixmap;+128
j  info.u250.digs.scenes.game.Level$2.call()Ljava/lang/Void;+17
j  info.u250.digs.scenes.game.Level$2.call()Ljava/lang/Object;+1
j  com.badlogic.gdx.utils.async.AsyncExecutor$2.call()Ljava/lang/Object;+4
j  java.util.concurrent.FutureTask$Sync.innerRun()V+30
j  java.util.concurrent.FutureTask.run()V+4
j  java.util.concurrent.ThreadPoolExecutor$Worker.runTask(Ljava/lang/Runnable;)V+59
j  java.util.concurrent.ThreadPoolExecutor$Worker.run()V+28
j  java.lang.Thread.run()V+11
v  ~StubRoutines::call_stub
V  [jvm.dll+0xfac3b]
V  [jvm.dll+0x18c3a1]
V  [jvm.dll+0xfade1]
V  [jvm.dll+0xfae3b]
V  [jvm.dll+0xb5569]
V  [jvm.dll+0x118f14]
V  [jvm.dll+0x140ffc]
C  [msvcr71.dll+0x9565]  endthreadex+0xa0
C  [kernel32.dll+0x133aa]  BaseThreadInitThunk+0x12
C  [ntdll.dll+0x39f72]  RtlInitializeExceptionChain+0x63
C  [ntdll.dll+0x39f45]  RtlInitializeExceptionChain+0x36

Java frames: (J=compiled Java code, j=interpreted, Vv=VM code)
j  info.u250.svg.glutils.SVGData.attribute(JLjava/lang/String;Ljava/lang/String;D)V+0
j  info.u250.svg.glutils.SVGData$1.next(Linfo/u250/svg/elements/SVGElement;)V+73
j  info.u250.svg.SVGMetaData.parse(Linfo/u250/svg/elements/SVGElement;)V+171
j  info.u250.svg.SVGMetaData.parse(Linfo/u250/svg/elements/SVGElement;)V+107
j  info.u250.svg.SVGMetaData.parse(Linfo/u250/svg/elements/SVGElement;)V+107
j  info.u250.svg.SVGMetaData.<init>(Linfo/u250/svg/elements/SVGRootElement;I)V+25
j  info.u250.svg.SVGMetaData.<init>(Linfo/u250/svg/elements/SVGRootElement;)V+4
j  info.u250.svg.glutils.SVGData$1.<init>(Linfo/u250/svg/glutils/SVGData;Linfo/u250/svg/elements/SVGRootElement;Linfo/u250/svg/elements/SVGRootElement;)V+12
j  info.u250.svg.glutils.SVGData.<init>(Linfo/u250/svg/elements/SVGRootElement;)V+53
j  info.u250.digs.scenes.game.LevelPixmapMaker.gen(Linfo/u250/digs/scenes/game/LevelConfig;)[Lcom/badlogic/gdx/graphics/Pixmap;+128
j  info.u250.digs.scenes.game.Level$2.call()Ljava/lang/Void;+17
j  info.u250.digs.scenes.game.Level$2.call()Ljava/lang/Object;+1
j  com.badlogic.gdx.utils.async.AsyncExecutor$2.call()Ljava/lang/Object;+4
j  java.util.concurrent.FutureTask$Sync.innerRun()V+30
j  java.util.concurrent.FutureTask.run()V+4
j  java.util.concurrent.ThreadPoolExecutor$Worker.runTask(Ljava/lang/Runnable;)V+59
j  java.util.concurrent.ThreadPoolExecutor$Worker.run()V+28
j  java.lang.Thread.run()V+11
v  ~StubRoutines::call_stub

---------------  P R O C E S S  ---------------

Java Threads: ( => current thread )
  0x18cc7000 JavaThread "Timer" [_thread_blocked, id=5376, stack(0x1df10000,0x1df60000)]
=>0x1c602c00 JavaThread "AsynchExecutor-Thread" daemon [_thread_in_native, id=6016, stack(0x1dba0000,0x1dbf0000)]
  0x18be6800 JavaThread "AsynchExecutor-Thread" daemon [_thread_blocked, id=8872, stack(0x1db10000,0x1db60000)]
  0x18be6000 JavaThread "LWJGL Timer" daemon [_thread_blocked, id=7588, stack(0x191e0000,0x19230000)]
  0x0274a400 JavaThread "DestroyJavaVM" [_thread_blocked, id=7044, stack(0x00380000,0x003d0000)]
  0x18bf3800 JavaThread "LWJGL Application" [_thread_in_native, id=8556, stack(0x19190000,0x191e0000)]
  0x01d71800 JavaThread "Low Memory Detector" daemon [_thread_blocked, id=8264, stack(0x18a20000,0x18a70000)]
  0x01d6d800 JavaThread "C1 CompilerThread0" daemon [_thread_blocked, id=6172, stack(0x18990000,0x189e0000)]
  0x01d69000 JavaThread "Attach Listener" daemon [_thread_blocked, id=9460, stack(0x18900000,0x18950000)]
  0x01d66000 JavaThread "Signal Dispatcher" daemon [_thread_blocked, id=4796, stack(0x18870000,0x188c0000)]
  0x01d5ec00 JavaThread "Finalizer" daemon [_thread_blocked, id=7528, stack(0x187e0000,0x18830000)]
  0x01d5a000 JavaThread "Reference Handler" daemon [_thread_blocked, id=8224, stack(0x18750000,0x187a0000)]

Other Threads:
  0x01d55000 VMThread [stack: 0x02680000,0x026d0000] [id=8040]
  0x01da7800 WatcherThread [stack: 0x18ab0000,0x18b00000] [id=5816]

VM state:not at safepoint (normal execution)

VM Mutex/Monitor currently owned by a thread: None

Heap
 def new generation   total 4928K, used 3178K [0x04750000, 0x04ca0000, 0x09ca0000)
  eden space 4416K,  60% used [0x04750000, 0x049eaa18, 0x04ba0000)
  from space 512K, 100% used [0x04c20000, 0x04ca0000, 0x04ca0000)
  to   space 512K,   0% used [0x04ba0000, 0x04ba0000, 0x04c20000)
 tenured generation   total 10944K, used 4743K [0x09ca0000, 0x0a750000, 0x14750000)
   the space 10944K,  43% used [0x09ca0000, 0x0a141ef0, 0x0a142000, 0x0a750000)
 compacting perm gen  total 12288K, used 8863K [0x14750000, 0x15350000, 0x18750000)
   the space 12288K,  72% used [0x14750000, 0x14ff7e20, 0x14ff8000, 0x15350000)
No shared spaces configured.

Code Cache  [0x02750000, 0x028b8000, 0x04750000)
 total_blobs=786 nmethods=520 adapters=202 free_code_cache=32082752 largest_free_block=192

Dynamic libraries:
0x00400000 - 0x00425000 	D:\jdk1.6.0_30\bin\javaw.exe
0x779b0000 - 0x77b30000 	C:\Windows\SysWOW64\ntdll.dll
0x76c70000 - 0x76d80000 	C:\Windows\syswow64\kernel32.dll
0x758f0000 - 0x75937000 	C:\Windows\syswow64\KERNELBASE.dll
0x75a00000 - 0x75aa0000 	C:\Windows\syswow64\ADVAPI32.dll
0x75ef0000 - 0x75f9c000 	C:\Windows\syswow64\msvcrt.dll
0x75ed0000 - 0x75ee9000 	C:\Windows\SysWOW64\sechost.dll
0x75220000 - 0x75310000 	C:\Windows\syswow64\RPCRT4.dll
0x75090000 - 0x750f0000 	C:\Windows\syswow64\SspiCli.dll
0x75080000 - 0x7508c000 	C:\Windows\syswow64\CRYPTBASE.dll
0x753a0000 - 0x754a0000 	C:\Windows\syswow64\USER32.dll
0x75e40000 - 0x75ed0000 	C:\Windows\syswow64\GDI32.dll
0x750f0000 - 0x750fa000 	C:\Windows\syswow64\LPK.dll
0x75850000 - 0x758ed000 	C:\Windows\syswow64\USP10.dll
0x76da0000 - 0x76e00000 	C:\Windows\system32\IMM32.DLL
0x76e60000 - 0x76f2c000 	C:\Windows\syswow64\MSCTF.dll
0x74ba0000 - 0x74bc9000 	C:\Windows\SysWOW64\nvinit.dll
0x7c340000 - 0x7c396000 	D:\jdk1.6.0_30\jre\bin\msvcr71.dll
0x6d8c0000 - 0x6db6f000 	D:\jdk1.6.0_30\jre\bin\client\jvm.dll
0x73010000 - 0x73042000 	C:\Windows\system32\WINMM.dll
0x718a0000 - 0x718ec000 	C:\Windows\system32\apphelp.dll
0x6d870000 - 0x6d87c000 	D:\jdk1.6.0_30\jre\bin\verify.dll
0x6d3d0000 - 0x6d3ef000 	D:\jdk1.6.0_30\jre\bin\java.dll
0x6d8b0000 - 0x6d8bf000 	D:\jdk1.6.0_30\jre\bin\zip.dll
0x6cec0000 - 0x6cf42000 	C:\Users\Administrator\AppData\Local\Temp\libgdxwyliguo\cbac888\gdx.dll
0x18d00000 - 0x18d4c000 	C:\Users\Administrator\AppData\Local\Temp\libgdxwyliguo\52d76f2b\lwjgl.dll
0x72b60000 - 0x72c28000 	C:\Windows\system32\OPENGL32.dll
0x74220000 - 0x74242000 	C:\Windows\system32\GLU32.dll
0x70620000 - 0x70707000 	C:\Windows\system32\DDRAW.dll
0x742b0000 - 0x742b6000 	C:\Windows\system32\DCIMAN32.dll
0x75530000 - 0x756cd000 	C:\Windows\syswow64\SETUPAPI.dll
0x754b0000 - 0x754d7000 	C:\Windows\syswow64\CFGMGR32.dll
0x75940000 - 0x759cf000 	C:\Windows\syswow64\OLEAUT32.dll
0x75c50000 - 0x75dac000 	C:\Windows\syswow64\ole32.dll
0x76d80000 - 0x76d92000 	C:\Windows\syswow64\DEVOBJ.dll
0x71580000 - 0x71593000 	C:\Windows\system32\dwmapi.dll
0x74d00000 - 0x74d09000 	C:\Windows\system32\VERSION.dll
0x74780000 - 0x7491e000 	C:\Windows\WinSxS\x86_microsoft.windows.common-controls_6595b64144ccf1df_6.0.7601.17514_none_41e6975e2bd6f2b2\COMCTL32.dll
0x757f0000 - 0x75847000 	C:\Windows\syswow64\SHLWAPI.dll
0x18e50000 - 0x18eb5000 	C:\Users\ADMINI~1\AppData\Local\Temp\libgdxwyliguo\52d76f2b\OpenAL32.dll
0x75fb0000 - 0x76bfa000 	C:\Windows\syswow64\SHELL32.dll
0x715f0000 - 0x71670000 	C:\Windows\system32\uxtheme.dll
0x70fd0000 - 0x71029000 	C:\Users\Administrator\AppData\Roaming\pcmaster\winguard.dll
0x75db0000 - 0x75e33000 	C:\Windows\syswow64\CLBCatQ.DLL
0x733a0000 - 0x73495000 	C:\Windows\System32\PROPSYS.dll
0x759d0000 - 0x759fe000 	C:\Windows\syswow64\WINTRUST.dll
0x756d0000 - 0x757f0000 	C:\Windows\syswow64\CRYPT32.dll
0x75fa0000 - 0x75fac000 	C:\Windows\syswow64\MSASN1.dll
0x6b130000 - 0x6b1a2000 	C:\Windows\system32\dsound.dll
0x71a30000 - 0x71a55000 	C:\Windows\system32\POWRPROF.dll
0x01e80000 - 0x01e8f000 	D:\Youdao\Dict\6.0.49.4597\WordStrokeHelper32.dll
0x70f60000 - 0x70f99000 	C:\Windows\System32\MMDevApi.dll
0x71960000 - 0x71996000 	C:\Windows\system32\AUDIOSES.DLL
0x6a540000 - 0x6a586000 	C:\Windows\system32\NV\ig4icd32.dll
0x60870000 - 0x612d6000 	C:\Windows\system32\ig4icd32.dll
0x6c770000 - 0x6c7e9000 	C:\Windows\system32\mscms.dll
0x74bf0000 - 0x74c07000 	C:\Windows\system32\USERENV.dll
0x74be0000 - 0x74beb000 	C:\Windows\system32\profapi.dll
0x66b50000 - 0x66b88000 	C:\Windows\system32\icm32.dll
0x6eb40000 - 0x6ec5e000 	C:\Users\Administrator\AppData\Local\Temp\libgdxwyliguo\a34acae0\c2d-svg.dll
0x754a0000 - 0x754a5000 	C:\Windows\system32\PSAPI.DLL

VM Arguments:
jvm_args: -Dfile.encoding=UTF-8 
java_command: info.u250.digs.DigsDesktop
Launcher Type: SUN_STANDARD

Environment Variables:
JAVA_HOME=D:\jdk1.6.0_30
PATH=D:/jre7/bin/client;D:/jre7/bin;D:/jre7/lib/i386;C:\Program Files (x86)\NVIDIA Corporation\PhysX\Common;D:\ImageMagick-6.8.0-Q16;D:\Python33\Lib\site-packages\PyQt4;D:\Python33\;C:\Windows\system32;C:\Windows;C:\Windows\System32\Wbem;C:\Windows\System32\WindowsPowerShell\v1.0\;D:\TortoiseHg\;D:\cmake\bin;C:\Program Files\Common Files\Autodesk Shared\;D:\TortoiseSVN\bin;C:\Program Files\Microsoft\Web Platform Installer\;C:\Program Files (x86)\Microsoft ASP.NET\ASP.NET Web Pages\v1.0\;C:\Program Files (x86)\Windows Kits\8.0\Windows Performance Toolkit\;C:\Program Files\Microsoft SQL Server\110\Tools\Binn\;D:\TDM-GCC-64\bin;C:\Program Files (x86)\NVIDIA Corporation\PhysX\Common;D:\ImageMagick-6.8.0-Q16;D:\Python33\Lib\site-packages\PyQt4;D:\Python33\;C:\Windows\system32;C:\Windows;C:\Windows\System32\Wbem;C:\Windows\System32\WindowsPowerShell\v1.0\;D:\TortoiseHg\;D:\cmake\bin;C:\Program Files\Common Files\Autodesk Shared\;D:\TortoiseSVN\bin;C:\Program Files\Microsoft\Web Platform Installer\;C:\Program Files (x86)\Microsoft ASP.NET\ASP.NET Web Pages\v1.0\;C:\Program Files (x86)\Windows Kits\8.0\Windows Performance Toolkit\;C:\Program Files\Microsoft SQL Server\110\Tools\Binn\;D:\TDM-GCC-64\bin;D:\jdk1.6.0_30\bin;D:\instantclient_12_1;D:\apache-ant-1.8.4\bin;D:\bin;D:\dex2jar;D:\TDM-GCC-64\bin;.;;.;;D:\eclipse-android;;.;
USERNAME=wyliguo
OS=Windows_NT
PROCESSOR_IDENTIFIER=Intel64 Family 6 Model 42 Stepping 7, GenuineIntel



---------------  S Y S T E M  ---------------

OS: Windows 7 , 64 bit Build 7601 Service Pack 1

CPU:total 4 (2 cores per cpu, 2 threads per core) family 6 model 42 stepping 7, cmov, cx8, fxsr, mmx, sse, sse2, sse3, ssse3, sse4.1, sse4.2, popcnt, ht

Memory: 4k page, physical 7966932k(5114516k free), swap 15932004k(11000084k free)

vm_info: Java HotSpot(TM) Client VM (20.5-b03) for windows-x86 JRE (1.6.0_30-b12), built on Nov 10 2011 01:51:00 by "java_re" with MS VC++ 7.1 (VS2003)

time: Tue Nov 19 20:30:26 2013
elapsed time: 6 seconds

