#
# A fatal error has been detected by the Java Runtime Environment:
#
#  EXCEPTION_ACCESS_VIOLATION (0xc0000005) at pc=0x753e9b60, pid=8352, tid=6464
#
# JRE version: 6.0_30-b12
# Java VM: Java HotSpot(TM) Client VM (20.5-b03 mixed mode windows-x86 )
# Problematic frame:
# C  [msvcrt.dll+0x9b60]
#
# If you would like to submit a bug report, please visit:
#   http://java.sun.com/webapps/bugreport/crash.jsp
# The crash happened outside the Java Virtual Machine in native code.
# See problematic frame for where to report the bug.
#

---------------  T H R E A D  ---------------

Current thread (0x1d230800):  JavaThread "AsynchExecutor-Thread" daemon [_thread_in_native, id=6464, stack(0x1da30000,0x1da80000)]

siginfo: ExceptionCode=0xc0000005, writing address 0x18dc1000

Registers:
EAX=0x045f9cd8, EBX=0x1da7f87c, ECX=0x3fff8edf, EDX=0x00000003
ESP=0x1da7f230, EBP=0x1da7f238, ESI=0x04616159, EDI=0x18dc1000
EIP=0x753e9b60, EFLAGS=0x00010202

Top of Stack: (sp=0x1da7f230)
0x1da7f230:   ffffffff 045f9cd8 045fc2f5 6cf0082b
0x1da7f240:   18da4b80 045f9cd9 ffffffff 00000000
0x1da7f250:   00000000 00000000 1da7f87c 6cefe6cb
0x1da7f260:   1da7f23c 1da7f87c 00004944 1da7f87c
0x1da7f270:   ffffffff 00000000 00027fff 6cf037f1
0x1da7f280:   18d5cb78 00040000 00000000 10000010
0x1da7f290:   00000000 1cb21658 1b78ff68 1c39b180
0x1da7f2a0:   00000080 00000000 00000000 00040000 

Instructions: (pc=0x753e9b60)
0x753e9b40:   8b 45 08 5e 5f c9 c3 8a 46 03 88 47 03 8a 46 02
0x753e9b50:   88 47 02 8a 46 01 88 47 01 8b 45 08 5e 5f c9 c3
0x753e9b60:   f3 a5 ff 24 95 b8 99 3e 75 8a 06 88 07 8a 46 01
0x753e9b70:   88 47 01 8b 45 08 5e 5f c9 c3 83 3d 44 00 48 75 


Register to memory mapping:

EAX=
[error occurred during error reporting (printing register info), id 0xc0000005]

Stack: [0x1da30000,0x1da80000],  sp=0x1da7f230,  free space=316k
Native frames: (J=compiled Java code, j=interpreted, Vv=VM code, C=native code)
C  [msvcrt.dll+0x9b60]  memcpy+0x250

Java frames: (J=compiled Java code, j=interpreted, Vv=VM code)
j  com.badlogic.gdx.graphics.g2d.Gdx2DPixmap.load([J[BIII)Ljava/nio/ByteBuffer;+0
j  com.badlogic.gdx.graphics.g2d.Gdx2DPixmap.<init>([BIII)V+21
j  com.badlogic.gdx.graphics.Pixmap.<init>(Lcom/badlogic/gdx/files/FileHandle;)V+24
j  com.badlogic.gdx.assets.loaders.TextureLoader.loadAsync(Lcom/badlogic/gdx/assets/AssetManager;Ljava/lang/String;Lcom/badlogic/gdx/files/FileHandle;Lcom/badlogic/gdx/assets/loaders/TextureLoader$TextureParameter;)V+101
j  com.badlogic.gdx.assets.loaders.TextureLoader.loadAsync(Lcom/badlogic/gdx/assets/AssetManager;Ljava/lang/String;Lcom/badlogic/gdx/files/FileHandle;Lcom/badlogic/gdx/assets/AssetLoaderParameters;)V+9
j  com.badlogic.gdx.assets.AssetLoadingTask.call()Ljava/lang/Void;+108
j  com.badlogic.gdx.assets.AssetLoadingTask.call()Ljava/lang/Object;+1
j  com.badlogic.gdx.utils.async.AsyncExecutor$2.call()Ljava/lang/Object;+4
j  java.util.concurrent.FutureTask$Sync.innerRun()V+30
j  java.util.concurrent.FutureTask.run()V+4
j  java.util.concurrent.ThreadPoolExecutor$Worker.runTask(Ljava/lang/Runnable;)V+59
j  java.util.concurrent.ThreadPoolExecutor$Worker.run()V+28
j  java.lang.Thread.run()V+11
v  ~StubRoutines::call_stub

---------------  P R O C E S S  ---------------

Java Threads: ( => current thread )
  0x1c717400 JavaThread "LWJGL Timer" daemon [_thread_blocked, id=9568, stack(0x1dac0000,0x1db10000)]
=>0x1d230800 JavaThread "AsynchExecutor-Thread" daemon [_thread_in_native, id=6464, stack(0x1da30000,0x1da80000)]
  0x0241a400 JavaThread "DestroyJavaVM" [_thread_blocked, id=7616, stack(0x003a0000,0x003f0000)]
  0x188dec00 JavaThread "LWJGL Application" [_thread_in_native, id=2676, stack(0x19260000,0x192b0000)]
  0x024d1000 JavaThread "Low Memory Detector" daemon [_thread_blocked, id=1824, stack(0x18bd0000,0x18c20000)]
  0x024cc000 JavaThread "C1 CompilerThread0" daemon [_thread_blocked, id=7260, stack(0x18b40000,0x18b90000)]
  0x024cb000 JavaThread "Attach Listener" daemon [_thread_blocked, id=7836, stack(0x18ab0000,0x18b00000)]
  0x024c8000 JavaThread "Signal Dispatcher" daemon [_thread_blocked, id=7280, stack(0x18a20000,0x18a70000)]
  0x024bec00 JavaThread "Finalizer" daemon [_thread_blocked, id=9116, stack(0x18790000,0x187e0000)]
  0x024ba000 JavaThread "Reference Handler" daemon [_thread_blocked, id=8328, stack(0x18700000,0x18750000)]

Other Threads:
  0x024b5000 VMThread [stack: 0x18670000,0x186c0000] [id=8740]
  0x02509800 WatcherThread [stack: 0x18c60000,0x18cb0000] [id=8596]

VM state:not at safepoint (normal execution)

VM Mutex/Monitor currently owned by a thread: None

Heap
 def new generation   total 4928K, used 1366K [0x04520000, 0x04a70000, 0x09a70000)
  eden space 4416K,  22% used [0x04520000, 0x04617bc8, 0x04970000)
  from space 512K,  73% used [0x04970000, 0x049cdf68, 0x049f0000)
  to   space 512K,   0% used [0x049f0000, 0x049f0000, 0x04a70000)
 tenured generation   total 10944K, used 286K [0x09a70000, 0x0a520000, 0x14520000)
   the space 10944K,   2% used [0x09a70000, 0x09ab78f8, 0x09ab7a00, 0x0a520000)
 compacting perm gen  total 12288K, used 6671K [0x14520000, 0x15120000, 0x18520000)
   the space 12288K,  54% used [0x14520000, 0x14ba3fe0, 0x14ba4000, 0x15120000)
No shared spaces configured.

Code Cache  [0x02520000, 0x025d0000, 0x04520000)
 total_blobs=359 nmethods=117 adapters=178 free_code_cache=32837440 largest_free_block=0

Dynamic libraries:
0x00400000 - 0x00425000 	D:\jdk1.6.0_30\bin\javaw.exe
0x771f0000 - 0x77370000 	C:\Windows\SysWOW64\ntdll.dll
0x75800000 - 0x75910000 	C:\Windows\syswow64\kernel32.dll
0x754d0000 - 0x75517000 	C:\Windows\syswow64\KERNELBASE.dll
0x75680000 - 0x75720000 	C:\Windows\syswow64\ADVAPI32.dll
0x753e0000 - 0x7548c000 	C:\Windows\syswow64\msvcrt.dll
0x74f20000 - 0x74f39000 	C:\Windows\SysWOW64\sechost.dll
0x76840000 - 0x76930000 	C:\Windows\syswow64\RPCRT4.dll
0x748d0000 - 0x74930000 	C:\Windows\syswow64\SspiCli.dll
0x748c0000 - 0x748cc000 	C:\Windows\syswow64\CRYPTBASE.dll
0x75570000 - 0x75670000 	C:\Windows\syswow64\USER32.dll
0x75060000 - 0x750f0000 	C:\Windows\syswow64\GDI32.dll
0x757f0000 - 0x757fa000 	C:\Windows\syswow64\LPK.dll
0x74e70000 - 0x74f0d000 	C:\Windows\syswow64\USP10.dll
0x74ca0000 - 0x74d00000 	C:\Windows\system32\IMM32.DLL
0x749b0000 - 0x74a7c000 	C:\Windows\syswow64\MSCTF.dll
0x743e0000 - 0x74409000 	C:\Windows\SysWOW64\nvinit.dll
0x7c340000 - 0x7c396000 	D:\jdk1.6.0_30\jre\bin\msvcr71.dll
0x6d8c0000 - 0x6db6f000 	D:\jdk1.6.0_30\jre\bin\client\jvm.dll
0x72850000 - 0x72882000 	C:\Windows\system32\WINMM.dll
0x710e0000 - 0x7112c000 	C:\Windows\system32\apphelp.dll
0x6d870000 - 0x6d87c000 	D:\jdk1.6.0_30\jre\bin\verify.dll
0x6d3d0000 - 0x6d3ef000 	D:\jdk1.6.0_30\jre\bin\java.dll
0x6d8b0000 - 0x6d8bf000 	D:\jdk1.6.0_30\jre\bin\zip.dll
0x6cec0000 - 0x6cf42000 	C:\Users\Administrator\AppData\Local\Temp\libgdxwyliguo\cbac888\gdx.dll
0x18cb0000 - 0x18cfc000 	C:\Users\Administrator\AppData\Local\Temp\libgdxwyliguo\52d76f2b\lwjgl.dll
0x68550000 - 0x68618000 	C:\Windows\system32\OPENGL32.dll
0x69930000 - 0x69952000 	C:\Windows\system32\GLU32.dll
0x65660000 - 0x65747000 	C:\Windows\system32\DDRAW.dll
0x00220000 - 0x00226000 	C:\Windows\system32\DCIMAN32.dll
0x75240000 - 0x753dd000 	C:\Windows\syswow64\SETUPAPI.dll
0x750f0000 - 0x75117000 	C:\Windows\syswow64\CFGMGR32.dll
0x74fd0000 - 0x7505f000 	C:\Windows\syswow64\OLEAUT32.dll
0x75a90000 - 0x75bec000 	C:\Windows\syswow64\ole32.dll
0x74d00000 - 0x74d12000 	C:\Windows\syswow64\DEVOBJ.dll
0x70dc0000 - 0x70dd3000 	C:\Windows\system32\dwmapi.dll
0x74540000 - 0x74549000 	C:\Windows\system32\VERSION.dll
0x73fc0000 - 0x7415e000 	C:\Windows\WinSxS\x86_microsoft.windows.common-controls_6595b64144ccf1df_6.0.7601.17514_none_41e6975e2bd6f2b2\COMCTL32.dll
0x75a30000 - 0x75a87000 	C:\Windows\syswow64\SHLWAPI.dll
0x18e00000 - 0x18e65000 	C:\Users\ADMINI~1\AppData\Local\Temp\libgdxwyliguo\52d76f2b\OpenAL32.dll
0x75bf0000 - 0x7683a000 	C:\Windows\syswow64\SHELL32.dll
0x70e30000 - 0x70eb0000 	C:\Windows\system32\uxtheme.dll
0x6a9e0000 - 0x6aa39000 	C:\Users\Administrator\AppData\Roaming\pcmaster\winguard.dll
0x74f40000 - 0x74fc3000 	C:\Windows\syswow64\CLBCatQ.DLL
0x72b70000 - 0x72c65000 	C:\Windows\System32\PROPSYS.dll
0x74e40000 - 0x74e6e000 	C:\Windows\syswow64\WINTRUST.dll
0x74d20000 - 0x74e40000 	C:\Windows\syswow64\CRYPT32.dll
0x771c0000 - 0x771cc000 	C:\Windows\syswow64\MSASN1.dll
0x73a70000 - 0x73ae2000 	C:\Windows\system32\dsound.dll
0x713c0000 - 0x713e5000 	C:\Windows\system32\POWRPROF.dll
0x18f20000 - 0x18f2f000 	D:\Youdao\Dict\6.0.49.4597\WordStrokeHelper32.dll
0x6e160000 - 0x6e199000 	C:\Windows\System32\MMDevApi.dll
0x6e310000 - 0x6e346000 	C:\Windows\system32\AUDIOSES.DLL
0x604d0000 - 0x60516000 	C:\Windows\system32\NV\ig4icd32.dll
0x61a40000 - 0x624a6000 	C:\Windows\system32\ig4icd32.dll
0x6db80000 - 0x6dbf9000 	C:\Windows\system32\mscms.dll
0x74430000 - 0x74447000 	C:\Windows\system32\USERENV.dll
0x74420000 - 0x7442b000 	C:\Windows\system32\profapi.dll
0x62790000 - 0x627c8000 	C:\Windows\system32\icm32.dll
0x74f10000 - 0x74f15000 	C:\Windows\system32\PSAPI.DLL

VM Arguments:
jvm_args: -Dfile.encoding=UTF-8 
java_command: info.u250.digs.DigsDesktop
Launcher Type: SUN_STANDARD

Environment Variables:
JAVA_HOME=D:\jdk1.6.0_30
PATH=D:/jre7/bin/client;D:/jre7/bin;D:/jre7/lib/i386;C:\Program Files (x86)\NVIDIA Corporation\PhysX\Common;D:\ImageMagick-6.8.0-Q16;D:\Python33\Lib\site-packages\PyQt4;D:\Python33\;C:\Windows\system32;C:\Windows;C:\Windows\System32\Wbem;C:\Windows\System32\WindowsPowerShell\v1.0\;D:\TortoiseHg\;D:\cmake\bin;C:\Program Files\Common Files\Autodesk Shared\;D:\TortoiseSVN\bin;C:\Program Files\Microsoft\Web Platform Installer\;C:\Program Files (x86)\Microsoft ASP.NET\ASP.NET Web Pages\v1.0\;C:\Program Files (x86)\Windows Kits\8.0\Windows Performance Toolkit\;C:\Program Files\Microsoft SQL Server\110\Tools\Binn\;D:\TDM-GCC-64\bin;C:\Program Files (x86)\NVIDIA Corporation\PhysX\Common;D:\ImageMagick-6.8.0-Q16;D:\Python33\Lib\site-packages\PyQt4;D:\Python33\;C:\Windows\system32;C:\Windows;C:\Windows\System32\Wbem;C:\Windows\System32\WindowsPowerShell\v1.0\;D:\TortoiseHg\;D:\cmake\bin;C:\Program Files\Common Files\Autodesk Shared\;D:\TortoiseSVN\bin;C:\Program Files\Microsoft\Web Platform Installer\;C:\Program Files (x86)\Microsoft ASP.NET\ASP.NET Web Pages\v1.0\;C:\Program Files (x86)\Windows Kits\8.0\Windows Performance Toolkit\;C:\Program Files\Microsoft SQL Server\110\Tools\Binn\;D:\TDM-GCC-64\bin;D:\jdk1.6.0_30\bin;D:\instantclient_12_1;D:\apache-ant-1.8.4\bin;D:\bin;D:\dex2jar;D:\TDM-GCC-64\bin;.;;D:\eclipse-android;;.;
USERNAME=wyliguo
OS=Windows_NT
PROCESSOR_IDENTIFIER=Intel64 Family 6 Model 42 Stepping 7, GenuineIntel



---------------  S Y S T E M  ---------------

OS: Windows 7 , 64 bit Build 7601 Service Pack 1

CPU:total 4 (2 cores per cpu, 2 threads per core) family 6 model 42 stepping 7, cmov, cx8, fxsr, mmx, sse, sse2, sse3, ssse3, sse4.1, sse4.2, popcnt, ht

Memory: 4k page, physical 7966932k(5074752k free), swap 15932004k(10106420k free)

vm_info: Java HotSpot(TM) Client VM (20.5-b03) for windows-x86 JRE (1.6.0_30-b12), built on Nov 10 2011 01:51:00 by "java_re" with MS VC++ 7.1 (VS2003)

time: Fri Nov 22 23:48:15 2013
elapsed time: 0 seconds

